<?xml version="1.0" encoding="UTF-8"?>
<!-- Generated by org.testng.reporters.JUnitXMLReporter -->
<testsuite ignored="0" hostname="DESKTOP-I81UH9T" failures="1" tests="2" name="Google Test" time="4.007" errors="0" timestamp="2024-02-16T16:05:06 MYT">
  <testcase classname="com.report.tryGenerateReport.TestPDFFile" name="testMethod2" time="0.023"/>
  <testcase classname="com.report.tryGenerateReport.TestPDFFile" name="testMethod1" time="0.023">
    <failure type="java.lang.AssertionError" message="Title not matched expected [TestingFailed] but found [Google]">
      <![CDATA[java.lang.AssertionError: Title not matched expected [TestingFailed] but found [Google]
at com.report.tryGenerateReport.TestPDFFile.testMethod1(TestPDFFile.java:35)
at java.base/java.util.ArrayList.forEach(ArrayList.java:1511)
... Removed 32 stack frames]]>
    </failure>
  </testcase> <!-- testMethod1 -->
</testsuite> <!-- Google Test -->
